{
  "uid" : "44649fa1c068cec1",
  "name" : "test_logout",
  "fullName" : "Test_Condiut.test_conduit.TestConduit#test_logout",
  "historyId" : "5ff95b90d83abf827a4fb50df180c01f",
  "time" : {
    "start" : 1628257657598,
    "stop" : 1628257676462,
    "duration" : 18864
  },
  "status" : "broken",
  "statusMessage" : "selenium.common.exceptions.TimeoutException: Message:",
  "statusTrace" : "self = <test_conduit.TestConduit object at 0x7fec21a76580>\n\n    def test_logout(self):\n        conduit_sign_up(self.driver)\n>       logout_btn = WebDriverWait(self.driver, 15).until(\n            EC.visibility_of_element_located((By.XPATH, \"//a[@active-class='active']\"))\n        )\n\nTest_Condiut/test_conduit.py:171: \n_ _ _ _ _ _ _ _ _ _ _ _ _ _ _ _ _ _ _ _ _ _ _ _ _ _ _ _ _ _ _ _ _ _ _ _ _ _ _ _ \n\nself = <selenium.webdriver.support.wait.WebDriverWait (session=\"0c0a017f7a79441636470472a2c89572\")>\nmethod = <selenium.webdriver.support.expected_conditions.visibility_of_element_located object at 0x7fec21a97370>\nmessage = ''\n\n    def until(self, method, message=''):\n        \"\"\"Calls the method provided with the driver as an argument until the \\\n        return value is not False.\"\"\"\n        screen = None\n        stacktrace = None\n    \n        end_time = time.time() + self._timeout\n        while True:\n            try:\n                value = method(self._driver)\n                if value:\n                    return value\n            except self._ignored_exceptions as exc:\n                screen = getattr(exc, 'screen', None)\n                stacktrace = getattr(exc, 'stacktrace', None)\n            time.sleep(self._poll)\n            if time.time() > end_time:\n                break\n>       raise TimeoutException(message, screen, stacktrace)\nE       selenium.common.exceptions.TimeoutException: Message:\n\n/opt/hostedtoolcache/Python/3.9.5/x64/lib/python3.9/site-packages/selenium/webdriver/support/wait.py:80: TimeoutException",
  "flaky" : false,
  "newFailed" : false,
  "beforeStages" : [ ],
  "testStage" : {
    "status" : "broken",
    "statusMessage" : "selenium.common.exceptions.TimeoutException: Message:",
    "statusTrace" : "self = <test_conduit.TestConduit object at 0x7fec21a76580>\n\n    def test_logout(self):\n        conduit_sign_up(self.driver)\n>       logout_btn = WebDriverWait(self.driver, 15).until(\n            EC.visibility_of_element_located((By.XPATH, \"//a[@active-class='active']\"))\n        )\n\nTest_Condiut/test_conduit.py:171: \n_ _ _ _ _ _ _ _ _ _ _ _ _ _ _ _ _ _ _ _ _ _ _ _ _ _ _ _ _ _ _ _ _ _ _ _ _ _ _ _ \n\nself = <selenium.webdriver.support.wait.WebDriverWait (session=\"0c0a017f7a79441636470472a2c89572\")>\nmethod = <selenium.webdriver.support.expected_conditions.visibility_of_element_located object at 0x7fec21a97370>\nmessage = ''\n\n    def until(self, method, message=''):\n        \"\"\"Calls the method provided with the driver as an argument until the \\\n        return value is not False.\"\"\"\n        screen = None\n        stacktrace = None\n    \n        end_time = time.time() + self._timeout\n        while True:\n            try:\n                value = method(self._driver)\n                if value:\n                    return value\n            except self._ignored_exceptions as exc:\n                screen = getattr(exc, 'screen', None)\n                stacktrace = getattr(exc, 'stacktrace', None)\n            time.sleep(self._poll)\n            if time.time() > end_time:\n                break\n>       raise TimeoutException(message, screen, stacktrace)\nE       selenium.common.exceptions.TimeoutException: Message:\n\n/opt/hostedtoolcache/Python/3.9.5/x64/lib/python3.9/site-packages/selenium/webdriver/support/wait.py:80: TimeoutException",
    "steps" : [ ],
    "attachments" : [ {
      "uid" : "8f6f0a8dca306de2",
      "name" : "log",
      "source" : "8f6f0a8dca306de2.txt",
      "type" : "text/plain",
      "size" : 344
    }, {
      "uid" : "c962ab893cf31c34",
      "name" : "stderr",
      "source" : "c962ab893cf31c34.txt",
      "type" : "text/plain",
      "size" : 215
    } ],
    "parameters" : [ ],
    "stepsCount" : 0,
    "attachmentsCount" : 2,
    "shouldDisplayMessage" : true,
    "hasContent" : true
  },
  "afterStages" : [ ],
  "labels" : [ {
    "name" : "parentSuite",
    "value" : "Test_Condiut"
  }, {
    "name" : "suite",
    "value" : "test_conduit"
  }, {
    "name" : "subSuite",
    "value" : "TestConduit"
  }, {
    "name" : "host",
    "value" : "fv-az83-740"
  }, {
    "name" : "thread",
    "value" : "3690-MainThread"
  }, {
    "name" : "framework",
    "value" : "pytest"
  }, {
    "name" : "language",
    "value" : "cpython3"
  }, {
    "name" : "package",
    "value" : "Test_Condiut.test_conduit"
  }, {
    "name" : "resultFormat",
    "value" : "allure2"
  } ],
  "parameters" : [ ],
  "links" : [ ],
  "hidden" : false,
  "retry" : false,
  "extra" : {
    "severity" : "normal",
    "retries" : [ ],
    "categories" : [ {
      "name" : "Test defects",
      "matchedStatuses" : [ ],
      "flaky" : false
    } ],
    "tags" : [ ]
  },
  "source" : "44649fa1c068cec1.json",
  "parameterValues" : [ ]
}