{
  "uid" : "ac515a8aa238c099",
  "name" : "test_accept_cookies",
  "fullName" : "Test_Condiut.test_conduit.TestConduit#test_accept_cookies",
  "historyId" : "373e8a728c9798d3353bedb9e0b9e771",
  "time" : {
    "start" : 1628255395621,
    "stop" : 1628255395679,
    "duration" : 58
  },
  "status" : "failed",
  "statusMessage" : "AssertionError: assert [<selenium.we...d39bf4a5b3\")>] == []\n  Left contains 2 more items, first extra item: <selenium.webdriver.remote.webelement.WebElement (session=\"06e0b651e5f2ff3a419ba7c7a59d5ca5\", element=\"2c86887c-6172-4145-bcaf-6df617c66aff\")>\n  Use -v to get the full diff",
  "statusTrace" : "self = <test_conduit.TestConduit object at 0x7fb7298e8b80>\n\n    def test_accept_cookies(self):\n        # self.driver.maximize_window()\n        accept_btn = self.driver.find_element_by_xpath('//button[contains(@class,\"accept\")]')\n        accept_btn.click()\n>       assert self.driver.find_elements_by_xpath('//button') == []\nE       assert [<selenium.we...d39bf4a5b3\")>] == []\nE         Left contains 2 more items, first extra item: <selenium.webdriver.remote.webelement.WebElement (session=\"06e0b651e5f2ff3a419ba7c7a59d5ca5\", element=\"2c86887c-6172-4145-bcaf-6df617c66aff\")>\nE         Use -v to get the full diff\n\nTest_Condiut/test_conduit.py:33: AssertionError",
  "flaky" : false,
  "newFailed" : false,
  "beforeStages" : [ ],
  "testStage" : {
    "status" : "failed",
    "statusMessage" : "AssertionError: assert [<selenium.we...d39bf4a5b3\")>] == []\n  Left contains 2 more items, first extra item: <selenium.webdriver.remote.webelement.WebElement (session=\"06e0b651e5f2ff3a419ba7c7a59d5ca5\", element=\"2c86887c-6172-4145-bcaf-6df617c66aff\")>\n  Use -v to get the full diff",
    "statusTrace" : "self = <test_conduit.TestConduit object at 0x7fb7298e8b80>\n\n    def test_accept_cookies(self):\n        # self.driver.maximize_window()\n        accept_btn = self.driver.find_element_by_xpath('//button[contains(@class,\"accept\")]')\n        accept_btn.click()\n>       assert self.driver.find_elements_by_xpath('//button') == []\nE       assert [<selenium.we...d39bf4a5b3\")>] == []\nE         Left contains 2 more items, first extra item: <selenium.webdriver.remote.webelement.WebElement (session=\"06e0b651e5f2ff3a419ba7c7a59d5ca5\", element=\"2c86887c-6172-4145-bcaf-6df617c66aff\")>\nE         Use -v to get the full diff\n\nTest_Condiut/test_conduit.py:33: AssertionError",
    "steps" : [ ],
    "attachments" : [ {
      "uid" : "ffd31da0bce9f74e",
      "name" : "log",
      "source" : "ffd31da0bce9f74e.txt",
      "type" : "text/plain",
      "size" : 642
    }, {
      "uid" : "4573ca9e57ee8201",
      "name" : "stderr",
      "source" : "4573ca9e57ee8201.txt",
      "type" : "text/plain",
      "size" : 435
    } ],
    "parameters" : [ ],
    "stepsCount" : 0,
    "attachmentsCount" : 2,
    "shouldDisplayMessage" : true,
    "hasContent" : true
  },
  "afterStages" : [ ],
  "labels" : [ {
    "name" : "parentSuite",
    "value" : "Test_Condiut"
  }, {
    "name" : "suite",
    "value" : "test_conduit"
  }, {
    "name" : "subSuite",
    "value" : "TestConduit"
  }, {
    "name" : "host",
    "value" : "fv-az74-744"
  }, {
    "name" : "thread",
    "value" : "3846-MainThread"
  }, {
    "name" : "framework",
    "value" : "pytest"
  }, {
    "name" : "language",
    "value" : "cpython3"
  }, {
    "name" : "package",
    "value" : "Test_Condiut.test_conduit"
  }, {
    "name" : "resultFormat",
    "value" : "allure2"
  } ],
  "parameters" : [ ],
  "links" : [ ],
  "hidden" : false,
  "retry" : false,
  "extra" : {
    "severity" : "normal",
    "retries" : [ ],
    "categories" : [ {
      "name" : "Product defects",
      "matchedStatuses" : [ ],
      "flaky" : false
    } ],
    "tags" : [ ]
  },
  "source" : "ac515a8aa238c099.json",
  "parameterValues" : [ ]
}