{
  "uid" : "3dbf4ec6c2c50b4e",
  "name" : "test_list_articles",
  "fullName" : "Test_Condiut.test_conduit.TestConduit#test_list_articles",
  "historyId" : "a1ee3416ebcdb26f0ca73e78d889cdfd",
  "time" : {
    "start" : 1628242624237,
    "stop" : 1628242624397,
    "duration" : 160
  },
  "status" : "failed",
  "statusMessage" : "AssertionError: assert [<selenium.we...ecfac61036\")>] == []\n  Left contains 2 more items, first extra item: <selenium.webdriver.remote.webelement.WebElement (session=\"e06a3ae6340e22d48e52ed28b0a505a8\", element=\"097ac0bd-6363-412b-9126-c7270d69dd8c\")>\n  Use -v to get the full diff",
  "statusTrace" : "self = <test_conduit.TestConduit object at 0x7f3d83513a60>\n\n    def test_list_articles(self):\n>       self.test_sign_in()\n\nTest_Condiut/test_conduit.py:74: \n_ _ _ _ _ _ _ _ _ _ _ _ _ _ _ _ _ _ _ _ _ _ _ _ _ _ _ _ _ _ _ _ _ _ _ _ _ _ _ _ \nTest_Condiut/test_conduit.py:58: in test_sign_in\n    self.test_accept_cookies()\n_ _ _ _ _ _ _ _ _ _ _ _ _ _ _ _ _ _ _ _ _ _ _ _ _ _ _ _ _ _ _ _ _ _ _ _ _ _ _ _ \n\nself = <test_conduit.TestConduit object at 0x7f3d83513a60>\n\n    def test_accept_cookies(self):\n        self.driver.maximize_window()\n        accept_btn = self.driver.find_element_by_xpath('//button[contains(@class,\"accept\")]')\n        accept_btn.click()\n>       assert self.driver.find_elements_by_xpath('//button') == []\nE       assert [<selenium.we...ecfac61036\")>] == []\nE         Left contains 2 more items, first extra item: <selenium.webdriver.remote.webelement.WebElement (session=\"e06a3ae6340e22d48e52ed28b0a505a8\", element=\"097ac0bd-6363-412b-9126-c7270d69dd8c\")>\nE         Use -v to get the full diff\n\nTest_Condiut/test_conduit.py:33: AssertionError",
  "flaky" : false,
  "newFailed" : false,
  "beforeStages" : [ ],
  "testStage" : {
    "status" : "failed",
    "statusMessage" : "AssertionError: assert [<selenium.we...ecfac61036\")>] == []\n  Left contains 2 more items, first extra item: <selenium.webdriver.remote.webelement.WebElement (session=\"e06a3ae6340e22d48e52ed28b0a505a8\", element=\"097ac0bd-6363-412b-9126-c7270d69dd8c\")>\n  Use -v to get the full diff",
    "statusTrace" : "self = <test_conduit.TestConduit object at 0x7f3d83513a60>\n\n    def test_list_articles(self):\n>       self.test_sign_in()\n\nTest_Condiut/test_conduit.py:74: \n_ _ _ _ _ _ _ _ _ _ _ _ _ _ _ _ _ _ _ _ _ _ _ _ _ _ _ _ _ _ _ _ _ _ _ _ _ _ _ _ \nTest_Condiut/test_conduit.py:58: in test_sign_in\n    self.test_accept_cookies()\n_ _ _ _ _ _ _ _ _ _ _ _ _ _ _ _ _ _ _ _ _ _ _ _ _ _ _ _ _ _ _ _ _ _ _ _ _ _ _ _ \n\nself = <test_conduit.TestConduit object at 0x7f3d83513a60>\n\n    def test_accept_cookies(self):\n        self.driver.maximize_window()\n        accept_btn = self.driver.find_element_by_xpath('//button[contains(@class,\"accept\")]')\n        accept_btn.click()\n>       assert self.driver.find_elements_by_xpath('//button') == []\nE       assert [<selenium.we...ecfac61036\")>] == []\nE         Left contains 2 more items, first extra item: <selenium.webdriver.remote.webelement.WebElement (session=\"e06a3ae6340e22d48e52ed28b0a505a8\", element=\"097ac0bd-6363-412b-9126-c7270d69dd8c\")>\nE         Use -v to get the full diff\n\nTest_Condiut/test_conduit.py:33: AssertionError",
    "steps" : [ ],
    "attachments" : [ {
      "uid" : "23996759efa764a7",
      "name" : "log",
      "source" : "23996759efa764a7.txt",
      "type" : "text/plain",
      "size" : 344
    }, {
      "uid" : "8df7474668bae4cf",
      "name" : "stderr",
      "source" : "8df7474668bae4cf.txt",
      "type" : "text/plain",
      "size" : 215
    } ],
    "parameters" : [ ],
    "stepsCount" : 0,
    "attachmentsCount" : 2,
    "shouldDisplayMessage" : true,
    "hasContent" : true
  },
  "afterStages" : [ ],
  "labels" : [ {
    "name" : "parentSuite",
    "value" : "Test_Condiut"
  }, {
    "name" : "suite",
    "value" : "test_conduit"
  }, {
    "name" : "subSuite",
    "value" : "TestConduit"
  }, {
    "name" : "host",
    "value" : "fv-az83-740"
  }, {
    "name" : "thread",
    "value" : "3756-MainThread"
  }, {
    "name" : "framework",
    "value" : "pytest"
  }, {
    "name" : "language",
    "value" : "cpython3"
  }, {
    "name" : "package",
    "value" : "Test_Condiut.test_conduit"
  }, {
    "name" : "resultFormat",
    "value" : "allure2"
  } ],
  "parameters" : [ ],
  "links" : [ ],
  "hidden" : false,
  "retry" : false,
  "extra" : {
    "severity" : "normal",
    "retries" : [ ],
    "categories" : [ {
      "name" : "Product defects",
      "matchedStatuses" : [ ],
      "flaky" : false
    } ],
    "tags" : [ ]
  },
  "source" : "3dbf4ec6c2c50b4e.json",
  "parameterValues" : [ ]
}