{
  "uid" : "fa49691eb5cd5f4e",
  "name" : "test_accept_cookies",
  "fullName" : "Test_Condiut.test_conduit.TestConduit#test_accept_cookies",
  "historyId" : "373e8a728c9798d3353bedb9e0b9e771",
  "time" : {
    "start" : 1628242608817,
    "stop" : 1628242608979,
    "duration" : 162
  },
  "status" : "failed",
  "statusMessage" : "AssertionError: assert [<selenium.we...a474249e01\")>] == []\n  Left contains 2 more items, first extra item: <selenium.webdriver.remote.webelement.WebElement (session=\"945edbf813e23b33255bd3886bc02922\", element=\"d08e7d2f-567d-4fda-80ad-8e6feaecb448\")>\n  Use -v to get the full diff",
  "statusTrace" : "self = <test_conduit.TestConduit object at 0x7f3d82f8fbe0>\n\n    def test_accept_cookies(self):\n        self.driver.maximize_window()\n        accept_btn = self.driver.find_element_by_xpath('//button[contains(@class,\"accept\")]')\n        accept_btn.click()\n>       assert self.driver.find_elements_by_xpath('//button') == []\nE       assert [<selenium.we...a474249e01\")>] == []\nE         Left contains 2 more items, first extra item: <selenium.webdriver.remote.webelement.WebElement (session=\"945edbf813e23b33255bd3886bc02922\", element=\"d08e7d2f-567d-4fda-80ad-8e6feaecb448\")>\nE         Use -v to get the full diff\n\nTest_Condiut/test_conduit.py:33: AssertionError",
  "flaky" : false,
  "newFailed" : false,
  "beforeStages" : [ ],
  "testStage" : {
    "status" : "failed",
    "statusMessage" : "AssertionError: assert [<selenium.we...a474249e01\")>] == []\n  Left contains 2 more items, first extra item: <selenium.webdriver.remote.webelement.WebElement (session=\"945edbf813e23b33255bd3886bc02922\", element=\"d08e7d2f-567d-4fda-80ad-8e6feaecb448\")>\n  Use -v to get the full diff",
    "statusTrace" : "self = <test_conduit.TestConduit object at 0x7f3d82f8fbe0>\n\n    def test_accept_cookies(self):\n        self.driver.maximize_window()\n        accept_btn = self.driver.find_element_by_xpath('//button[contains(@class,\"accept\")]')\n        accept_btn.click()\n>       assert self.driver.find_elements_by_xpath('//button') == []\nE       assert [<selenium.we...a474249e01\")>] == []\nE         Left contains 2 more items, first extra item: <selenium.webdriver.remote.webelement.WebElement (session=\"945edbf813e23b33255bd3886bc02922\", element=\"d08e7d2f-567d-4fda-80ad-8e6feaecb448\")>\nE         Use -v to get the full diff\n\nTest_Condiut/test_conduit.py:33: AssertionError",
    "steps" : [ ],
    "attachments" : [ {
      "uid" : "2714945d9ceb8541",
      "name" : "log",
      "source" : "2714945d9ceb8541.txt",
      "type" : "text/plain",
      "size" : 642
    }, {
      "uid" : "6f2a5326c23d1c",
      "name" : "stderr",
      "source" : "6f2a5326c23d1c.txt",
      "type" : "text/plain",
      "size" : 435
    } ],
    "parameters" : [ ],
    "stepsCount" : 0,
    "attachmentsCount" : 2,
    "shouldDisplayMessage" : true,
    "hasContent" : true
  },
  "afterStages" : [ ],
  "labels" : [ {
    "name" : "parentSuite",
    "value" : "Test_Condiut"
  }, {
    "name" : "suite",
    "value" : "test_conduit"
  }, {
    "name" : "subSuite",
    "value" : "TestConduit"
  }, {
    "name" : "host",
    "value" : "fv-az83-740"
  }, {
    "name" : "thread",
    "value" : "3756-MainThread"
  }, {
    "name" : "framework",
    "value" : "pytest"
  }, {
    "name" : "language",
    "value" : "cpython3"
  }, {
    "name" : "package",
    "value" : "Test_Condiut.test_conduit"
  }, {
    "name" : "resultFormat",
    "value" : "allure2"
  } ],
  "parameters" : [ ],
  "links" : [ ],
  "hidden" : false,
  "retry" : false,
  "extra" : {
    "severity" : "normal",
    "retries" : [ ],
    "categories" : [ {
      "name" : "Product defects",
      "matchedStatuses" : [ ],
      "flaky" : false
    } ],
    "tags" : [ ]
  },
  "source" : "fa49691eb5cd5f4e.json",
  "parameterValues" : [ ]
}