{
  "uid" : "2d18bfad8a8a0589",
  "name" : "test_logout",
  "fullName" : "Test_Condiut.test_conduit.TestConduit#test_logout",
  "historyId" : "5ff95b90d83abf827a4fb50df180c01f",
  "time" : {
    "start" : 1628179666742,
    "stop" : 1628179666903,
    "duration" : 161
  },
  "status" : "failed",
  "statusMessage" : "AssertionError: assert [<selenium.we...453cfc32d3\")>] == []\n  Left contains 2 more items, first extra item: <selenium.webdriver.remote.webelement.WebElement (session=\"725475da8c50892f87e141b526350ffb\", element=\"d1c15434-15db-4fce-87a6-448927e1b52c\")>\n  Use -v to get the full diff",
  "statusTrace" : "self = <test_conduit.TestConduit object at 0x7f56a78bfee0>\n\n    def test_logout(self):\n>       self.test_sign_in()\n\nTest_Condiut/test_conduit.py:161: \n_ _ _ _ _ _ _ _ _ _ _ _ _ _ _ _ _ _ _ _ _ _ _ _ _ _ _ _ _ _ _ _ _ _ _ _ _ _ _ _ \nTest_Condiut/test_conduit.py:58: in test_sign_in\n    self.test_accept_cookies()\n_ _ _ _ _ _ _ _ _ _ _ _ _ _ _ _ _ _ _ _ _ _ _ _ _ _ _ _ _ _ _ _ _ _ _ _ _ _ _ _ \n\nself = <test_conduit.TestConduit object at 0x7f56a78bfee0>\n\n    def test_accept_cookies(self):\n        self.driver.maximize_window()\n        accept_btn = self.driver.find_element_by_xpath('//button[contains(@class,\"accept\")]')\n        accept_btn.click()\n>       assert self.driver.find_elements_by_xpath('//button') == []\nE       assert [<selenium.we...453cfc32d3\")>] == []\nE         Left contains 2 more items, first extra item: <selenium.webdriver.remote.webelement.WebElement (session=\"725475da8c50892f87e141b526350ffb\", element=\"d1c15434-15db-4fce-87a6-448927e1b52c\")>\nE         Use -v to get the full diff\n\nTest_Condiut/test_conduit.py:33: AssertionError",
  "flaky" : false,
  "newFailed" : false,
  "beforeStages" : [ ],
  "testStage" : {
    "status" : "failed",
    "statusMessage" : "AssertionError: assert [<selenium.we...453cfc32d3\")>] == []\n  Left contains 2 more items, first extra item: <selenium.webdriver.remote.webelement.WebElement (session=\"725475da8c50892f87e141b526350ffb\", element=\"d1c15434-15db-4fce-87a6-448927e1b52c\")>\n  Use -v to get the full diff",
    "statusTrace" : "self = <test_conduit.TestConduit object at 0x7f56a78bfee0>\n\n    def test_logout(self):\n>       self.test_sign_in()\n\nTest_Condiut/test_conduit.py:161: \n_ _ _ _ _ _ _ _ _ _ _ _ _ _ _ _ _ _ _ _ _ _ _ _ _ _ _ _ _ _ _ _ _ _ _ _ _ _ _ _ \nTest_Condiut/test_conduit.py:58: in test_sign_in\n    self.test_accept_cookies()\n_ _ _ _ _ _ _ _ _ _ _ _ _ _ _ _ _ _ _ _ _ _ _ _ _ _ _ _ _ _ _ _ _ _ _ _ _ _ _ _ \n\nself = <test_conduit.TestConduit object at 0x7f56a78bfee0>\n\n    def test_accept_cookies(self):\n        self.driver.maximize_window()\n        accept_btn = self.driver.find_element_by_xpath('//button[contains(@class,\"accept\")]')\n        accept_btn.click()\n>       assert self.driver.find_elements_by_xpath('//button') == []\nE       assert [<selenium.we...453cfc32d3\")>] == []\nE         Left contains 2 more items, first extra item: <selenium.webdriver.remote.webelement.WebElement (session=\"725475da8c50892f87e141b526350ffb\", element=\"d1c15434-15db-4fce-87a6-448927e1b52c\")>\nE         Use -v to get the full diff\n\nTest_Condiut/test_conduit.py:33: AssertionError",
    "steps" : [ ],
    "attachments" : [ {
      "uid" : "924e1054ff7f4c45",
      "name" : "log",
      "source" : "924e1054ff7f4c45.txt",
      "type" : "text/plain",
      "size" : 344
    }, {
      "uid" : "a6df28181cd47d0f",
      "name" : "stderr",
      "source" : "a6df28181cd47d0f.txt",
      "type" : "text/plain",
      "size" : 215
    } ],
    "parameters" : [ ],
    "stepsCount" : 0,
    "attachmentsCount" : 2,
    "shouldDisplayMessage" : true,
    "hasContent" : true
  },
  "afterStages" : [ ],
  "labels" : [ {
    "name" : "parentSuite",
    "value" : "Test_Condiut"
  }, {
    "name" : "suite",
    "value" : "test_conduit"
  }, {
    "name" : "subSuite",
    "value" : "TestConduit"
  }, {
    "name" : "host",
    "value" : "fv-az77-838"
  }, {
    "name" : "thread",
    "value" : "3723-MainThread"
  }, {
    "name" : "framework",
    "value" : "pytest"
  }, {
    "name" : "language",
    "value" : "cpython3"
  }, {
    "name" : "package",
    "value" : "Test_Condiut.test_conduit"
  }, {
    "name" : "resultFormat",
    "value" : "allure2"
  } ],
  "parameters" : [ ],
  "links" : [ ],
  "hidden" : false,
  "retry" : false,
  "extra" : {
    "severity" : "normal",
    "retries" : [ ],
    "categories" : [ {
      "name" : "Product defects",
      "matchedStatuses" : [ ],
      "flaky" : false
    } ],
    "tags" : [ ]
  },
  "source" : "2d18bfad8a8a0589.json",
  "parameterValues" : [ ]
}