{
  "uid" : "9011e417b3838be3",
  "name" : "test_accept_cookies",
  "fullName" : "Test_Condiut.test_conduit.TestConduit#test_accept_cookies",
  "historyId" : "373e8a728c9798d3353bedb9e0b9e771",
  "time" : {
    "start" : 1628179639641,
    "stop" : 1628179639802,
    "duration" : 161
  },
  "status" : "failed",
  "statusMessage" : "AssertionError: assert [<selenium.we...ca11f81a95\")>] == []\n  Left contains 2 more items, first extra item: <selenium.webdriver.remote.webelement.WebElement (session=\"651afbdd691c75b18f24b0d27d1c988f\", element=\"9ba0af96-cba8-4836-948f-5ba5e1b0cbe6\")>\n  Use -v to get the full diff",
  "statusTrace" : "self = <test_conduit.TestConduit object at 0x7f56a7f61bb0>\n\n    def test_accept_cookies(self):\n        self.driver.maximize_window()\n        accept_btn = self.driver.find_element_by_xpath('//button[contains(@class,\"accept\")]')\n        accept_btn.click()\n>       assert self.driver.find_elements_by_xpath('//button') == []\nE       assert [<selenium.we...ca11f81a95\")>] == []\nE         Left contains 2 more items, first extra item: <selenium.webdriver.remote.webelement.WebElement (session=\"651afbdd691c75b18f24b0d27d1c988f\", element=\"9ba0af96-cba8-4836-948f-5ba5e1b0cbe6\")>\nE         Use -v to get the full diff\n\nTest_Condiut/test_conduit.py:33: AssertionError",
  "flaky" : false,
  "newFailed" : false,
  "beforeStages" : [ ],
  "testStage" : {
    "status" : "failed",
    "statusMessage" : "AssertionError: assert [<selenium.we...ca11f81a95\")>] == []\n  Left contains 2 more items, first extra item: <selenium.webdriver.remote.webelement.WebElement (session=\"651afbdd691c75b18f24b0d27d1c988f\", element=\"9ba0af96-cba8-4836-948f-5ba5e1b0cbe6\")>\n  Use -v to get the full diff",
    "statusTrace" : "self = <test_conduit.TestConduit object at 0x7f56a7f61bb0>\n\n    def test_accept_cookies(self):\n        self.driver.maximize_window()\n        accept_btn = self.driver.find_element_by_xpath('//button[contains(@class,\"accept\")]')\n        accept_btn.click()\n>       assert self.driver.find_elements_by_xpath('//button') == []\nE       assert [<selenium.we...ca11f81a95\")>] == []\nE         Left contains 2 more items, first extra item: <selenium.webdriver.remote.webelement.WebElement (session=\"651afbdd691c75b18f24b0d27d1c988f\", element=\"9ba0af96-cba8-4836-948f-5ba5e1b0cbe6\")>\nE         Use -v to get the full diff\n\nTest_Condiut/test_conduit.py:33: AssertionError",
    "steps" : [ ],
    "attachments" : [ {
      "uid" : "17119d30c9d06c50",
      "name" : "log",
      "source" : "17119d30c9d06c50.txt",
      "type" : "text/plain",
      "size" : 642
    }, {
      "uid" : "6afb4755778b3341",
      "name" : "stderr",
      "source" : "6afb4755778b3341.txt",
      "type" : "text/plain",
      "size" : 435
    } ],
    "parameters" : [ ],
    "stepsCount" : 0,
    "attachmentsCount" : 2,
    "shouldDisplayMessage" : true,
    "hasContent" : true
  },
  "afterStages" : [ ],
  "labels" : [ {
    "name" : "parentSuite",
    "value" : "Test_Condiut"
  }, {
    "name" : "suite",
    "value" : "test_conduit"
  }, {
    "name" : "subSuite",
    "value" : "TestConduit"
  }, {
    "name" : "host",
    "value" : "fv-az77-838"
  }, {
    "name" : "thread",
    "value" : "3723-MainThread"
  }, {
    "name" : "framework",
    "value" : "pytest"
  }, {
    "name" : "language",
    "value" : "cpython3"
  }, {
    "name" : "package",
    "value" : "Test_Condiut.test_conduit"
  }, {
    "name" : "resultFormat",
    "value" : "allure2"
  } ],
  "parameters" : [ ],
  "links" : [ ],
  "hidden" : false,
  "retry" : false,
  "extra" : {
    "severity" : "normal",
    "retries" : [ ],
    "categories" : [ {
      "name" : "Product defects",
      "matchedStatuses" : [ ],
      "flaky" : false
    } ],
    "tags" : [ ]
  },
  "source" : "9011e417b3838be3.json",
  "parameterValues" : [ ]
}