{
  "uid" : "a829e8730713b938",
  "name" : "test_list_articles",
  "fullName" : "Test_Condiut.test_conduit.TestConduit#test_list_articles",
  "historyId" : "a1ee3416ebcdb26f0ca73e78d889cdfd",
  "time" : {
    "start" : 1628179645608,
    "stop" : 1628179645767,
    "duration" : 159
  },
  "status" : "failed",
  "statusMessage" : "AssertionError: assert [<selenium.we...3448444cc1\")>] == []\n  Left contains 2 more items, first extra item: <selenium.webdriver.remote.webelement.WebElement (session=\"321252ea094628d562f2646e1573c9b9\", element=\"48901092-2b99-4f0c-89fc-433de539046f\")>\n  Use -v to get the full diff",
  "statusTrace" : "self = <test_conduit.TestConduit object at 0x7f56a8404640>\n\n    def test_list_articles(self):\n>       self.test_sign_in()\n\nTest_Condiut/test_conduit.py:74: \n_ _ _ _ _ _ _ _ _ _ _ _ _ _ _ _ _ _ _ _ _ _ _ _ _ _ _ _ _ _ _ _ _ _ _ _ _ _ _ _ \nTest_Condiut/test_conduit.py:58: in test_sign_in\n    self.test_accept_cookies()\n_ _ _ _ _ _ _ _ _ _ _ _ _ _ _ _ _ _ _ _ _ _ _ _ _ _ _ _ _ _ _ _ _ _ _ _ _ _ _ _ \n\nself = <test_conduit.TestConduit object at 0x7f56a8404640>\n\n    def test_accept_cookies(self):\n        self.driver.maximize_window()\n        accept_btn = self.driver.find_element_by_xpath('//button[contains(@class,\"accept\")]')\n        accept_btn.click()\n>       assert self.driver.find_elements_by_xpath('//button') == []\nE       assert [<selenium.we...3448444cc1\")>] == []\nE         Left contains 2 more items, first extra item: <selenium.webdriver.remote.webelement.WebElement (session=\"321252ea094628d562f2646e1573c9b9\", element=\"48901092-2b99-4f0c-89fc-433de539046f\")>\nE         Use -v to get the full diff\n\nTest_Condiut/test_conduit.py:33: AssertionError",
  "flaky" : false,
  "newFailed" : false,
  "beforeStages" : [ ],
  "testStage" : {
    "status" : "failed",
    "statusMessage" : "AssertionError: assert [<selenium.we...3448444cc1\")>] == []\n  Left contains 2 more items, first extra item: <selenium.webdriver.remote.webelement.WebElement (session=\"321252ea094628d562f2646e1573c9b9\", element=\"48901092-2b99-4f0c-89fc-433de539046f\")>\n  Use -v to get the full diff",
    "statusTrace" : "self = <test_conduit.TestConduit object at 0x7f56a8404640>\n\n    def test_list_articles(self):\n>       self.test_sign_in()\n\nTest_Condiut/test_conduit.py:74: \n_ _ _ _ _ _ _ _ _ _ _ _ _ _ _ _ _ _ _ _ _ _ _ _ _ _ _ _ _ _ _ _ _ _ _ _ _ _ _ _ \nTest_Condiut/test_conduit.py:58: in test_sign_in\n    self.test_accept_cookies()\n_ _ _ _ _ _ _ _ _ _ _ _ _ _ _ _ _ _ _ _ _ _ _ _ _ _ _ _ _ _ _ _ _ _ _ _ _ _ _ _ \n\nself = <test_conduit.TestConduit object at 0x7f56a8404640>\n\n    def test_accept_cookies(self):\n        self.driver.maximize_window()\n        accept_btn = self.driver.find_element_by_xpath('//button[contains(@class,\"accept\")]')\n        accept_btn.click()\n>       assert self.driver.find_elements_by_xpath('//button') == []\nE       assert [<selenium.we...3448444cc1\")>] == []\nE         Left contains 2 more items, first extra item: <selenium.webdriver.remote.webelement.WebElement (session=\"321252ea094628d562f2646e1573c9b9\", element=\"48901092-2b99-4f0c-89fc-433de539046f\")>\nE         Use -v to get the full diff\n\nTest_Condiut/test_conduit.py:33: AssertionError",
    "steps" : [ ],
    "attachments" : [ {
      "uid" : "d1a502285b8730ac",
      "name" : "log",
      "source" : "d1a502285b8730ac.txt",
      "type" : "text/plain",
      "size" : 344
    }, {
      "uid" : "35f5cc29814c1aa2",
      "name" : "stderr",
      "source" : "35f5cc29814c1aa2.txt",
      "type" : "text/plain",
      "size" : 215
    } ],
    "parameters" : [ ],
    "stepsCount" : 0,
    "attachmentsCount" : 2,
    "shouldDisplayMessage" : true,
    "hasContent" : true
  },
  "afterStages" : [ ],
  "labels" : [ {
    "name" : "parentSuite",
    "value" : "Test_Condiut"
  }, {
    "name" : "suite",
    "value" : "test_conduit"
  }, {
    "name" : "subSuite",
    "value" : "TestConduit"
  }, {
    "name" : "host",
    "value" : "fv-az77-838"
  }, {
    "name" : "thread",
    "value" : "3723-MainThread"
  }, {
    "name" : "framework",
    "value" : "pytest"
  }, {
    "name" : "language",
    "value" : "cpython3"
  }, {
    "name" : "package",
    "value" : "Test_Condiut.test_conduit"
  }, {
    "name" : "resultFormat",
    "value" : "allure2"
  } ],
  "parameters" : [ ],
  "links" : [ ],
  "hidden" : false,
  "retry" : false,
  "extra" : {
    "severity" : "normal",
    "retries" : [ ],
    "categories" : [ {
      "name" : "Product defects",
      "matchedStatuses" : [ ],
      "flaky" : false
    } ],
    "tags" : [ ]
  },
  "source" : "a829e8730713b938.json",
  "parameterValues" : [ ]
}