{
  "uid" : "af18b38f30cb1444",
  "name" : "test_paginate",
  "fullName" : "Test_Condiut.test_conduit.TestConduit#test_paginate",
  "historyId" : "26fd52ee63bf4cef97a0eaf48028dd8a",
  "time" : {
    "start" : 1628179647538,
    "stop" : 1628179647695,
    "duration" : 157
  },
  "status" : "failed",
  "statusMessage" : "AssertionError: assert [<selenium.we...0ffe229da9\")>] == []\n  Left contains 2 more items, first extra item: <selenium.webdriver.remote.webelement.WebElement (session=\"98dd3454b11f3cc7fc5dd571f2c70282\", element=\"2d498093-0412-4136-8d59-5376cb08834c\")>\n  Use -v to get the full diff",
  "statusTrace" : "self = <test_conduit.TestConduit object at 0x7f56a7e80dc0>\n\n    def test_paginate(self):\n>       self.test_sign_in()\n\nTest_Condiut/test_conduit.py:83: \n_ _ _ _ _ _ _ _ _ _ _ _ _ _ _ _ _ _ _ _ _ _ _ _ _ _ _ _ _ _ _ _ _ _ _ _ _ _ _ _ \nTest_Condiut/test_conduit.py:58: in test_sign_in\n    self.test_accept_cookies()\n_ _ _ _ _ _ _ _ _ _ _ _ _ _ _ _ _ _ _ _ _ _ _ _ _ _ _ _ _ _ _ _ _ _ _ _ _ _ _ _ \n\nself = <test_conduit.TestConduit object at 0x7f56a7e80dc0>\n\n    def test_accept_cookies(self):\n        self.driver.maximize_window()\n        accept_btn = self.driver.find_element_by_xpath('//button[contains(@class,\"accept\")]')\n        accept_btn.click()\n>       assert self.driver.find_elements_by_xpath('//button') == []\nE       assert [<selenium.we...0ffe229da9\")>] == []\nE         Left contains 2 more items, first extra item: <selenium.webdriver.remote.webelement.WebElement (session=\"98dd3454b11f3cc7fc5dd571f2c70282\", element=\"2d498093-0412-4136-8d59-5376cb08834c\")>\nE         Use -v to get the full diff\n\nTest_Condiut/test_conduit.py:33: AssertionError",
  "flaky" : false,
  "newFailed" : false,
  "beforeStages" : [ ],
  "testStage" : {
    "status" : "failed",
    "statusMessage" : "AssertionError: assert [<selenium.we...0ffe229da9\")>] == []\n  Left contains 2 more items, first extra item: <selenium.webdriver.remote.webelement.WebElement (session=\"98dd3454b11f3cc7fc5dd571f2c70282\", element=\"2d498093-0412-4136-8d59-5376cb08834c\")>\n  Use -v to get the full diff",
    "statusTrace" : "self = <test_conduit.TestConduit object at 0x7f56a7e80dc0>\n\n    def test_paginate(self):\n>       self.test_sign_in()\n\nTest_Condiut/test_conduit.py:83: \n_ _ _ _ _ _ _ _ _ _ _ _ _ _ _ _ _ _ _ _ _ _ _ _ _ _ _ _ _ _ _ _ _ _ _ _ _ _ _ _ \nTest_Condiut/test_conduit.py:58: in test_sign_in\n    self.test_accept_cookies()\n_ _ _ _ _ _ _ _ _ _ _ _ _ _ _ _ _ _ _ _ _ _ _ _ _ _ _ _ _ _ _ _ _ _ _ _ _ _ _ _ \n\nself = <test_conduit.TestConduit object at 0x7f56a7e80dc0>\n\n    def test_accept_cookies(self):\n        self.driver.maximize_window()\n        accept_btn = self.driver.find_element_by_xpath('//button[contains(@class,\"accept\")]')\n        accept_btn.click()\n>       assert self.driver.find_elements_by_xpath('//button') == []\nE       assert [<selenium.we...0ffe229da9\")>] == []\nE         Left contains 2 more items, first extra item: <selenium.webdriver.remote.webelement.WebElement (session=\"98dd3454b11f3cc7fc5dd571f2c70282\", element=\"2d498093-0412-4136-8d59-5376cb08834c\")>\nE         Use -v to get the full diff\n\nTest_Condiut/test_conduit.py:33: AssertionError",
    "steps" : [ ],
    "attachments" : [ {
      "uid" : "ccb3a2996c0a1a6",
      "name" : "log",
      "source" : "ccb3a2996c0a1a6.txt",
      "type" : "text/plain",
      "size" : 344
    }, {
      "uid" : "8b52e6af6540efe2",
      "name" : "stderr",
      "source" : "8b52e6af6540efe2.txt",
      "type" : "text/plain",
      "size" : 215
    } ],
    "parameters" : [ ],
    "stepsCount" : 0,
    "attachmentsCount" : 2,
    "shouldDisplayMessage" : true,
    "hasContent" : true
  },
  "afterStages" : [ ],
  "labels" : [ {
    "name" : "parentSuite",
    "value" : "Test_Condiut"
  }, {
    "name" : "suite",
    "value" : "test_conduit"
  }, {
    "name" : "subSuite",
    "value" : "TestConduit"
  }, {
    "name" : "host",
    "value" : "fv-az77-838"
  }, {
    "name" : "thread",
    "value" : "3723-MainThread"
  }, {
    "name" : "framework",
    "value" : "pytest"
  }, {
    "name" : "language",
    "value" : "cpython3"
  }, {
    "name" : "package",
    "value" : "Test_Condiut.test_conduit"
  }, {
    "name" : "resultFormat",
    "value" : "allure2"
  } ],
  "parameters" : [ ],
  "links" : [ ],
  "hidden" : false,
  "retry" : false,
  "extra" : {
    "severity" : "normal",
    "retries" : [ ],
    "categories" : [ {
      "name" : "Product defects",
      "matchedStatuses" : [ ],
      "flaky" : false
    } ],
    "tags" : [ ]
  },
  "source" : "af18b38f30cb1444.json",
  "parameterValues" : [ ]
}